[2025-05-25 01:25:40,347] 1025 httpx - INFO - HTTP Request: POST https://dagshub.com/login/oauth/middleman "HTTP/1.1 200 OK"
[2025-05-25 01:25:40,901] 1025 httpx - INFO - HTTP Request: POST https://dagshub.com/login/oauth/access_token "HTTP/1.1 200 OK"
[2025-05-25 01:25:41,444] 1025 httpx - INFO - HTTP Request: GET https://dagshub.com/api/v1/user "HTTP/1.1 200 OK"
[2025-05-25 01:25:41,452] 107 dagshub - INFO - Accessing as sumandutta2913
[2025-05-25 01:25:42,015] 1025 httpx - INFO - HTTP Request: GET https://dagshub.com/api/v1/repos/sumandutta2913/Project-ML-AWS "HTTP/1.1 200 OK"
[2025-05-25 01:25:42,577] 1025 httpx - INFO - HTTP Request: GET https://dagshub.com/api/v1/user "HTTP/1.1 200 OK"
[2025-05-25 01:25:42,581] 107 dagshub - INFO - Initialized MLflow to track repo "sumandutta2913/Project-ML-AWS"
[2025-05-25 01:25:42,584] 107 dagshub - INFO - Repository sumandutta2913/Project-ML-AWS initialized!
[2025-05-25 01:25:42,584] 17 root - INFO - Initiate the data ingestion
[2025-05-25 01:25:46,265] 57 root - INFO - Performed train test split on the dataframe
[2025-05-25 01:25:46,265] 59 root - INFO - Exited split_data_as_train_test method of Data_Ingestion class
[2025-05-25 01:25:46,266] 67 root - INFO - Exporting train and test file path.
[2025-05-25 01:25:46,370] 76 root - INFO - Exported train and test file path.
[2025-05-25 01:25:46,371] 19 root - INFO - Data Inititation Completed
[2025-05-25 01:25:46,387] 23 root - INFO - Initiate the data Validation
[2025-05-25 01:25:46,421] 32 root - INFO - Required number of columns:2
[2025-05-25 01:25:46,422] 33 root - INFO - Data frame has columns:10
[2025-05-25 01:25:46,422] 32 root - INFO - Required number of columns:2
[2025-05-25 01:25:46,422] 33 root - INFO - Data frame has columns:10
[2025-05-25 01:25:46,609] 25 root - INFO - Data Validation completed
[2025-05-25 01:25:46,610] 28 root - INFO - data Transformation started
[2025-05-25 01:25:46,610] 63 root - INFO - Entered initiate_data_transformation method of DataTransformation class
[2025-05-25 01:25:46,610] 65 root - INFO - Starting data transformation
[2025-05-25 01:25:46,640] 48 root - INFO - Entered get_data_trnasformer_object method of Trnasformation class
[2025-05-25 01:25:46,640] 53 root - INFO - Initialise KNNImputer with {'missing_values': nan, 'n_neighbors': 3, 'weights': 'uniform'}
[2025-05-25 01:25:46,656] 46 root - INFO - Entered the save_object method of MainUtils class
[2025-05-25 01:25:46,658] 50 root - INFO - Exited the save_object method of MainUtils class
[2025-05-25 01:25:46,658] 46 root - INFO - Entered the save_object method of MainUtils class
[2025-05-25 01:25:46,660] 50 root - INFO - Exited the save_object method of MainUtils class
[2025-05-25 01:25:46,665] 32 root - INFO - data Transformation completed
[2025-05-25 01:25:46,666] 34 root - INFO - Model Training started
[2025-05-25 01:31:08,632] 46 root - INFO - Entered the save_object method of MainUtils class
[2025-05-25 01:31:08,741] 50 root - INFO - Exited the save_object method of MainUtils class
[2025-05-25 01:31:08,742] 46 root - INFO - Entered the save_object method of MainUtils class
[2025-05-25 01:31:08,879] 50 root - INFO - Exited the save_object method of MainUtils class
[2025-05-25 01:31:08,879] 120 root - INFO - Model trainer artifact: ModelTrainerArtifact(trained_model_file_path='Artifacts\\05_25_2025_01_23_57\\model_trainer\\trained_model\\ml_model.pkl', train_metric_artifact=ClassificationMetricArtifact(f1_score=1.0, precision_score=1.0, recall_score=1.0), test_metric_artifact=ClassificationMetricArtifact(f1_score=0.8596256684491979, precision_score=0.9877112135176651, recall_score=0.7609467455621302))
[2025-05-25 01:31:08,891] 39 root - INFO - Model Training artifact created
