[2025-05-25 09:25:33,488] 1025 httpx - INFO - HTTP Request: GET https://dagshub.com/api/v1/user "HTTP/1.1 200 OK"
[2025-05-25 09:25:33,621] 107 dagshub - INFO - Accessing as sumandutta2913
[2025-05-25 09:25:34,238] 1025 httpx - INFO - HTTP Request: GET https://dagshub.com/api/v1/repos/sumandutta2913/Project-ML-AWS "HTTP/1.1 200 OK"
[2025-05-25 09:25:35,038] 1025 httpx - INFO - HTTP Request: GET https://dagshub.com/api/v1/user "HTTP/1.1 200 OK"
[2025-05-25 09:25:35,041] 107 dagshub - INFO - Initialized MLflow to track repo "sumandutta2913/Project-ML-AWS"
[2025-05-25 09:25:35,043] 107 dagshub - INFO - Repository sumandutta2913/Project-ML-AWS initialized!
[2025-05-25 09:25:35,043] 17 root - INFO - Initiate the data ingestion
[2025-05-25 09:25:39,033] 57 root - INFO - Performed train test split on the dataframe
[2025-05-25 09:25:39,034] 59 root - INFO - Exited split_data_as_train_test method of Data_Ingestion class
[2025-05-25 09:25:39,034] 67 root - INFO - Exporting train and test file path.
[2025-05-25 09:25:39,101] 76 root - INFO - Exported train and test file path.
[2025-05-25 09:25:39,101] 19 root - INFO - Data Inititation Completed
[2025-05-25 09:25:39,104] 23 root - INFO - Initiate the data Validation
[2025-05-25 09:25:39,117] 32 root - INFO - Required number of columns:2
[2025-05-25 09:25:39,118] 33 root - INFO - Data frame has columns:10
[2025-05-25 09:25:39,118] 32 root - INFO - Required number of columns:2
[2025-05-25 09:25:39,118] 33 root - INFO - Data frame has columns:10
[2025-05-25 09:25:39,320] 25 root - INFO - Data Validation completed
[2025-05-25 09:25:39,321] 28 root - INFO - data Transformation started
[2025-05-25 09:25:39,321] 63 root - INFO - Entered initiate_data_transformation method of DataTransformation class
[2025-05-25 09:25:39,321] 65 root - INFO - Starting data transformation
[2025-05-25 09:25:39,334] 48 root - INFO - Entered get_data_trnasformer_object method of Trnasformation class
[2025-05-25 09:25:39,334] 53 root - INFO - Initialise KNNImputer with {'missing_values': nan, 'n_neighbors': 3, 'weights': 'uniform'}
[2025-05-25 09:25:39,343] 46 root - INFO - Entered the save_object method of MainUtils class
[2025-05-25 09:25:39,346] 50 root - INFO - Exited the save_object method of MainUtils class
[2025-05-25 09:25:39,346] 46 root - INFO - Entered the save_object method of MainUtils class
[2025-05-25 09:25:39,347] 50 root - INFO - Exited the save_object method of MainUtils class
[2025-05-25 09:25:39,347] 32 root - INFO - data Transformation completed
[2025-05-25 09:25:39,347] 34 root - INFO - Model Training started
[2025-05-25 09:36:23,178] 46 root - INFO - Entered the save_object method of MainUtils class
[2025-05-25 09:36:23,293] 50 root - INFO - Exited the save_object method of MainUtils class
[2025-05-25 09:36:23,295] 46 root - INFO - Entered the save_object method of MainUtils class
[2025-05-25 09:36:23,397] 50 root - INFO - Exited the save_object method of MainUtils class
[2025-05-25 09:36:23,398] 120 root - INFO - Model trainer artifact: ModelTrainerArtifact(trained_model_file_path='Artifacts\\05_25_2025_09_25_26\\model_trainer\\trained_model\\ml_model.pkl', train_metric_artifact=ClassificationMetricArtifact(f1_score=1.0, precision_score=1.0, recall_score=1.0), test_metric_artifact=ClassificationMetricArtifact(f1_score=0.8728476821192053, precision_score=0.9939668174962293, recall_score=0.7780401416765053))
[2025-05-25 09:36:23,400] 39 root - INFO - Model Training artifact created
