[2025-05-25 01:34:57,335] 1025 httpx - INFO - HTTP Request: GET https://dagshub.com/api/v1/user "HTTP/1.1 200 OK"
[2025-05-25 01:34:57,478] 107 dagshub - INFO - Accessing as sumandutta2913
[2025-05-25 01:34:58,104] 1025 httpx - INFO - HTTP Request: GET https://dagshub.com/api/v1/repos/sumandutta2913/Project-ML-AWS "HTTP/1.1 200 OK"
[2025-05-25 01:34:58,644] 1025 httpx - INFO - HTTP Request: GET https://dagshub.com/api/v1/user "HTTP/1.1 200 OK"
[2025-05-25 01:34:58,647] 107 dagshub - INFO - Initialized MLflow to track repo "sumandutta2913/Project-ML-AWS"
[2025-05-25 01:34:58,648] 107 dagshub - INFO - Repository sumandutta2913/Project-ML-AWS initialized!
[2025-05-25 01:34:58,649] 17 root - INFO - Initiate the data ingestion
[2025-05-25 01:35:01,840] 57 root - INFO - Performed train test split on the dataframe
[2025-05-25 01:35:01,841] 59 root - INFO - Exited split_data_as_train_test method of Data_Ingestion class
[2025-05-25 01:35:01,841] 67 root - INFO - Exporting train and test file path.
[2025-05-25 01:35:01,903] 76 root - INFO - Exported train and test file path.
[2025-05-25 01:35:01,904] 19 root - INFO - Data Inititation Completed
[2025-05-25 01:35:01,910] 23 root - INFO - Initiate the data Validation
[2025-05-25 01:35:01,922] 32 root - INFO - Required number of columns:2
[2025-05-25 01:35:01,922] 33 root - INFO - Data frame has columns:10
[2025-05-25 01:35:01,922] 32 root - INFO - Required number of columns:2
[2025-05-25 01:35:01,922] 33 root - INFO - Data frame has columns:10
[2025-05-25 01:35:02,048] 25 root - INFO - Data Validation completed
[2025-05-25 01:35:02,050] 28 root - INFO - data Transformation started
[2025-05-25 01:35:02,050] 63 root - INFO - Entered initiate_data_transformation method of DataTransformation class
[2025-05-25 01:35:02,050] 65 root - INFO - Starting data transformation
[2025-05-25 01:35:02,071] 48 root - INFO - Entered get_data_trnasformer_object method of Trnasformation class
[2025-05-25 01:35:02,071] 53 root - INFO - Initialise KNNImputer with {'missing_values': nan, 'n_neighbors': 3, 'weights': 'uniform'}
[2025-05-25 01:35:02,091] 46 root - INFO - Entered the save_object method of MainUtils class
[2025-05-25 01:35:02,094] 50 root - INFO - Exited the save_object method of MainUtils class
[2025-05-25 01:35:02,094] 46 root - INFO - Entered the save_object method of MainUtils class
[2025-05-25 01:35:02,096] 50 root - INFO - Exited the save_object method of MainUtils class
[2025-05-25 01:35:02,096] 32 root - INFO - data Transformation completed
[2025-05-25 01:35:02,096] 34 root - INFO - Model Training started
